This is XeTeX, Version 3.1415926-2.4-0.9998 (TeX Live 2012/Debian) (format=xelatex 2013.10.6)  8 OCT 2013 21:52
entering extended mode
 restricted \write18 enabled.
 %&-line parsing enabled.
**daggerfall.tex
(./daggerfall.tex
LaTeX2e <2011/06/27>
Babel <v3.8m> and hyphenation patterns for english, dumylang, nohyphenation, lo
aded.
(/usr/share/texlive/texmf-dist/tex/latex/memoir/memoir.cls
Document Class: memoir 2011/03/06 v3.6j configurable book, report, article docu
ment class
\onelineskip=\skip41
\lxvchars=\skip42
\xlvchars=\skip43
\@memcnta=\count80
\c@@memmarkcntra=\count81
(/usr/share/texlive/texmf-dist/tex/generic/oberdiek/ifpdf.sty
Package: ifpdf 2011/01/30 v2.3 Provides the ifpdf switch (HO)
Package ifpdf Info: pdfTeX in PDF mode is not detected.
)
Class memoir Info: An `ifetex' package is being emulated on input line 251.

(/usr/share/texlive/texmf-dist/tex/generic/ifxetex/ifxetex.sty
Package: ifxetex 2010/09/12 v0.6 Provides ifxetex conditional
)
(/usr/share/texlive/texmf-dist/tex/generic/oberdiek/ifluatex.sty
Package: ifluatex 2010/03/01 v1.3 Provides the ifluatex switch (HO)
Package ifluatex Info: LuaTeX not detected.
)
\stockheight=\skip44
\stockwidth=\skip45
\trimtop=\skip46
\trimedge=\skip47

(/usr/share/texlive/texmf-dist/tex/latex/etex-pkg/etex.sty
Package: etex 1998/03/26 v2.0 eTeX basic definition package (PEB)
\et@xins=\count82
)
(/usr/share/texlive/texmf-dist/tex/latex/memoir/mem10.clo
File: mem10.clo 2008/01/30 v0.3 memoir class 10pt size option
)
\binding=\skip48
\spinemargin=\skip49
\foremargin=\skip50
\uppermargin=\skip51
\lowermargin=\skip52
\headdrop=\skip53
\normalrulethickness=\skip54
\mem@maxheadheight=\skip55
\mem@maxfootheight=\skip56
\headwidth=\skip57
\c@storedpagenumber=\count83
\memPD=\dimen102
\m@mabparskip=\skip58
\thanksmarkwidth=\skip59
\thanksmarksep=\skip60
\droptitle=\skip61
\c@book=\count84
\c@part=\count85
\c@chapter=\count86
\c@section=\count87
\c@subsection=\count88
\c@subsubsection=\count89
\c@paragraph=\count90
\c@subparagraph=\count91
\beforechapskip=\skip62
\midchapskip=\skip63
\afterchapskip=\skip64
\chapindent=\skip65
\bottomsectionskip=\skip66
\secindent=\skip67
\beforesecskip=\skip68
\aftersecskip=\skip69
\subsecindent=\skip70
\beforesubsecskip=\skip71
\aftersubsecskip=\skip72
\subsubsecindent=\skip73
\beforesubsubsecskip=\skip74
\aftersubsubsecskip=\skip75
\paraindent=\skip76
\beforeparaskip=\skip77
\afterparaskip=\skip78
\subparaindent=\skip79
\beforesubparaskip=\skip80
\aftersubparaskip=\skip81
\pfbreakskip=\skip82
\c@@ppsavesec=\count92
\c@@ppsaveapp=\count93
\ragrparindent=\dimen103
\everylistparindent=\dimen104
\parsepi=\skip83
\topsepi=\skip84
\itemsepi=\skip85
\parsepii=\skip86
\topsepii=\skip87
\topsepiii=\skip88
\itemsepii=\skip89
\itemsepiii=\skip90
\partopsepii=\skip91
\partopsepiii=\skip92
\m@msavetopsep=\skip93
\m@msavepartopsep=\skip94
\@enLab=\toks14
\abstitleskip=\skip95
\absleftindent=\skip96
\abs@leftindent=\dimen105
\absrightindent=\skip97
\absparindent=\skip98
\absparsep=\skip99
\c@vslineno=\count94
\c@poemline=\count95
\c@modulo@vs=\count96
\c@memfvsline=\count97
\vleftskip=\skip100
\vrightskip=\skip101
\stanzaskip=\skip102
\versewidth=\skip103
\vgap=\skip104
\vindent=\skip105
\vleftmargin=\dimen106
\c@verse=\count98
\c@chrsinstr=\count99
\beforepoemtitleskip=\skip106
\afterpoemtitleskip=\skip107
\c@poem=\count100
\beforePoemTitleskip=\skip108
\midPoemTitleskip=\skip109
\afterPoemTitleskip=\skip110
\col@sep=\dimen107
\extrarowheight=\dimen108
\NC@list=\toks15
\extratabsurround=\skip111
\backup@length=\skip112
\TX@col@width=\dimen109
\TX@old@table=\dimen110
\TX@old@col=\dimen111
\TX@target=\dimen112
\TX@delta=\dimen113
\TX@cols=\count101
\TX@ftn=\toks16
\heavyrulewidth=\dimen114
\lightrulewidth=\dimen115
\cmidrulewidth=\dimen116
\belowrulesep=\dimen117
\belowbottomsep=\dimen118
\aboverulesep=\dimen119
\abovetopsep=\dimen120
\cmidrulesep=\dimen121
\cmidrulekern=\dimen122
\defaultaddspace=\dimen123
\@cmidla=\count102
\@cmidlb=\count103
\@aboverulesep=\dimen124
\@belowrulesep=\dimen125
\@thisruleclass=\count104
\@lastruleclass=\count105
\@thisrulewidth=\dimen126
\ctableftskip=\skip113
\ctabrightskip=\skip114
\abovecolumnspenalty=\count106
\@linestogo=\count107
\@cellstogo=\count108
\@cellsincolumn=\count109
\crtok=\toks17
\@mincolumnwidth=\dimen127
\c@newflo@tctr=\count110
\mem@margin@floatbox=\box26
\@contcwidth=\skip115
\@contindw=\skip116
\abovecaptionskip=\skip117
\belowcaptionskip=\skip118
\subfloattopskip=\skip119
\subfloatcapskip=\skip120
\subfloatcaptopadj=\skip121
\subfloatbottomskip=\skip122
\subfloatlabelskip=\skip123
\subfloatcapmargin=\dimen128
\c@@contsubnum=\count111
\m@mscap@capbox=\box27
\m@mscap@fbox=\box28
\sidecapsep=\dimen129
\sidecapwidth=\dimen130
\m@m@tempdima=\dimen131
\m@mscapraise=\dimen132
\sidecapraise=\dimen133
\m@mscapmainwidth=\dimen134
\m@mscaplkern=\dimen135
\beforeepigraphskip=\skip124
\afterepigraphskip=\skip125
\epigraphwidth=\skip126
\epigraphrule=\skip127
LaTeX Info: Redefining \em on input line 7377.
LaTeX Info: Redefining \emph on input line 7385.
\tocentryskip=\skip128
\tocbaseline=\skip129
\cftparskip=\skip130
\cftbeforebookskip=\skip131
\cftbookindent=\dimen136
\cftbooknumwidth=\dimen137
\cftbeforepartskip=\skip132
\cftpartindent=\skip133
\cftpartnumwidth=\skip134
\cftbeforechapterskip=\skip135
\cftchapterindent=\skip136
\cftchapternumwidth=\skip137
\cftbeforesectionskip=\skip138
\cftsectionindent=\skip139
\cftsectionnumwidth=\skip140
\cftbeforesubsectionskip=\skip141
\cftsubsectionindent=\skip142
\cftsubsectionnumwidth=\skip143
\cftbeforesubsubsectionskip=\skip144
\cftsubsubsectionindent=\skip145
\cftsubsubsectionnumwidth=\skip146
\cftbeforeparagraphskip=\skip147
\cftparagraphindent=\skip148
\cftparagraphnumwidth=\skip149
\cftbeforesubparagraphskip=\skip150
\cftsubparagraphindent=\skip151
\cftsubparagraphnumwidth=\skip152
\prechapterprecisshift=\dimen138
\c@maxsecnumdepth=\count112
\bibindent=\dimen139
\bibitemsep=\skip153
\indexcolsep=\skip154
\indexrule=\skip155
\indexmarkstyle=\toks18
\@indexbox=\insert233
\glossarycolsep=\dimen140
\glossaryrule=\dimen141
\sideparvshift=\skip156
\sideins=\insert232
\sidebartopsep=\skip157
\sidebarhsep=\skip158
\sidebarvsep=\skip159
\sidebarwidth=\skip160
\footmarkwidth=\skip161
\footmarksep=\skip162
\footparindent=\skip163
\footinsdim=\skip164
\footinsv@r=\insert231
\@mpfootinsv@r=\insert230
\m@m@k=\count113
\m@m@h=\dimen142
\m@mipn@skip=\skip165
\sidefootins=\insert229
\sidefootadjust=\skip166
\sidefootheight=\skip167
\sidefoothsep=\skip168
\sidefootvsep=\skip169
\sidefootwidth=\skip170
\m@mdownsf=\skip171
\c@sidefootnote=\count114
\sidefootmarkwidth=\skip172
\sidefootmarksep=\skip173
\sidefootparindent=\skip174
\c@pagenote=\count115
\c@pagenoteshadow=\count116
\mem@pn@lastkern=\skip175
\every@verbatim=\toks19
\afterevery@verbatim=\toks20
\verbatim@line=\toks21
\tab@position=\count117
\verbatim@in@stream=\read1
\verbatimindent=\skip176
\verbatim@out=\write3
\bvboxsep=\skip177
\c@memfbvline=\count118
\c@bvlinectr=\count119
\bvnumlength=\skip178
\fb@frw=\dimen143
\fb@frh=\dimen144
\FrameRule=\dimen145
\FrameSep=\dimen146
\c@cp@cntr=\count120
LaTeX Info: Redefining \: on input line 11807.
LaTeX Info: Redefining \! on input line 11809.
\c@ism@mctr=\count121
\c@xsm@mctr=\count122
\c@csm@mctr=\count123
\c@ksm@mctr=\count124
\c@xksm@mctr=\count125
\c@cksm@mctr=\count126
\c@msm@mctr=\count127
\c@xmsm@mctr=\count128
\c@cmsm@mctr=\count129
\c@bsm@mctr=\count130
\c@workm@mctr=\count131
\c@sheetsequence=\count132
\c@lastsheet=\count133
\c@lastpage=\count134
\c@figure=\count135
\c@lofdepth=\count136
\cftbeforefigureskip=\skip179
\cftfigureindent=\skip180
\cftfigurenumwidth=\skip181
\c@table=\count137
\c@lotdepth=\count138
\cftbeforetableskip=\skip182
\cfttableindent=\skip183
\cfttablenumwidth=\skip184
Package abstract [2008/07/23] emulated by memoir.
Package appendix [2008/07/23] emulated by memoir.
Package array [2008/07/23] emulated by memoir.
Package booktabs [2008/07/23] emulated by memoir.
Package ccaption [2008/07/23] emulated by memoir.
Package changepage [2008/07/23] emulated by memoir.
Package chngcntr [2008/07/23] emulated by memoir.
Package chngpage [2008/07/23] emulated by memoir.
Package crop emulated by memoir.
Package dcolumn [2008/07/23] emulated by memoir.
Package delarray [2008/07/23] emulated by memoir.
Package enumerate [2008/07/23] emulated by memoir.
Package epigraph [2008/07/23] emulated by memoir.
Package ifmtarg [2008/07/23] emulated by memoir.
Package ifetex [2008/07/23] emulated by memoir.
Package index [2008/07/23] emulated by memoir.
Package makeidx [2008/07/23] emulated by memoir.
Package moreverb [2008/07/23] emulated by memoir.
Package mparhack [2008/07/23] emulated by memoir.
Package needspace [2008/07/23] emulated by memoir.
Package newfile [2008/07/23] emulated by memoir.
Package nextpage [2008/07/23] emulated by memoir.
Package pagenote [2008/07/23] emulated by memoir.
Package parskip [2008/07/23] emulated by memoir.
Package patchcmd [2008/07/23] emulated by memoir.
Package setspace [2008/07/23] emulated by memoir.
Package shortvrb [2008/07/23] emulated by memoir.
Package showidx [2008/07/23] emulated by memoir.
Package tabularx [2008/07/23] emulated by memoir.
Package titleref [2008/07/23] emulated by memoir.
Package titling [2008/07/23] emulated by memoir.
Package tocbibind [2008/07/23] emulated by memoir.
Package tocloft [2008/07/23] emulated by memoir.
Package tocvsec2 [2008/07/23] emulated by memoir.
Package verbatim [2008/07/23] emulated by memoir.
Package verse [2008/07/23] emulated by memoir.

(/usr/share/texlive/texmf-dist/tex/latex/memoir/mempatch.sty
Package: mempatch 2009/07/24 v6.0f Patches for memoir class v1.6180339
)) (./settings.tex
(/usr/share/texmf/tex/latex/pgfornament/pgfornament.sty
(/usr/share/texmf/tex/latex/pgf/frontendlayer/tikz.sty
(/usr/share/texmf/tex/latex/pgf/basiclayer/pgf.sty
(/usr/share/texmf/tex/latex/pgf/utilities/pgfrcs.sty
(/usr/share/texmf/tex/generic/pgf/utilities/pgfutil-common.tex
\pgfutil@everybye=\toks22
)
(/usr/share/texmf/tex/generic/pgf/utilities/pgfutil-latex.def
\pgfutil@abb=\box29

(/usr/share/texlive/texmf-dist/tex/latex/ms/everyshi.sty
Package: everyshi 2001/05/15 v3.00 EveryShipout Package (MS)
))
(/usr/share/texmf/tex/generic/pgf/utilities/pgfrcs.code.tex
Package: pgfrcs 2010/10/25 v2.10 (rcs-revision 1.24)
))
Package: pgf 2008/01/15 v2.10 (rcs-revision 1.12)

(/usr/share/texmf/tex/latex/pgf/basiclayer/pgfcore.sty
(/usr/share/texlive/texmf-dist/tex/latex/graphics/graphicx.sty
Package: graphicx 1999/02/16 v1.0f Enhanced LaTeX Graphics (DPC,SPQR)

(/usr/share/texlive/texmf-dist/tex/latex/graphics/keyval.sty
Package: keyval 1999/03/16 v1.13 key=value parser (DPC)
\KV@toks@=\toks23
)
(/usr/share/texlive/texmf-dist/tex/latex/graphics/graphics.sty
Package: graphics 2009/02/05 v1.0o Standard LaTeX Graphics (DPC,SPQR)

(/usr/share/texlive/texmf-dist/tex/latex/graphics/trig.sty
Package: trig 1999/03/16 v1.09 sin cos tan (DPC)
)
(/usr/share/texlive/texmf-dist/tex/latex/latexconfig/graphics.cfg
File: graphics.cfg 2010/04/23 v1.9 graphics configuration of TeX Live
)
Package graphics Info: Driver file: xetex.def on input line 91.

(/usr/share/texlive/texmf-dist/tex/xelatex/xetex-def/xetex.def
File: xetex.def 2009/11/22 v0.94 LaTeX color/graphics driver for XeTeX (RRM/JK)

))
\Gin@req@height=\dimen147
\Gin@req@width=\dimen148
)
(/usr/share/texmf/tex/latex/pgf/systemlayer/pgfsys.sty
(/usr/share/texmf/tex/generic/pgf/systemlayer/pgfsys.code.tex
Package: pgfsys 2010/06/30 v2.10 (rcs-revision 1.37)

(/usr/share/texmf/tex/generic/pgf/utilities/pgfkeys.code.tex
\pgfkeys@pathtoks=\toks24
\pgfkeys@temptoks=\toks25

(/usr/share/texmf/tex/generic/pgf/utilities/pgfkeysfiltered.code.tex
\pgfkeys@tmptoks=\toks26
))
\pgf@x=\dimen149
\pgf@y=\dimen150
\pgf@xa=\dimen151
\pgf@ya=\dimen152
\pgf@xb=\dimen153
\pgf@yb=\dimen154
\pgf@xc=\dimen155
\pgf@yc=\dimen156
\w@pgf@writea=\write4
\r@pgf@reada=\read2
\c@pgf@counta=\count139
\c@pgf@countb=\count140
\c@pgf@countc=\count141
\c@pgf@countd=\count142

(/usr/share/texmf/tex/generic/pgf/systemlayer/pgf.cfg
File: pgf.cfg 2008/05/14  (rcs-revision 1.7)
)
Package pgfsys Info: Driver file for pgf: pgfsys-xetex.def on input line 900.

(/usr/share/texmf/tex/generic/pgf/systemlayer/pgfsys-xetex.def
File: pgfsys-xetex.def 2010/02/16  (rcs-revision 1.3)

(/usr/share/texmf/tex/generic/pgf/systemlayer/pgfsys-common-pdf.def
File: pgfsys-common-pdf.def 2008/05/19  (rcs-revision 1.10)
)
(/usr/share/texmf/tex/generic/pgf/systemlayer/pgfsys-common-pdf-via-dvi.def
File: pgfsys-common-pdf-via-dvi.def 2008/05/19  (rcs-revision 1.7)
)))
(/usr/share/texmf/tex/generic/pgf/systemlayer/pgfsyssoftpath.code.tex
File: pgfsyssoftpath.code.tex 2008/07/18  (rcs-revision 1.7)
\pgfsyssoftpath@smallbuffer@items=\count143
\pgfsyssoftpath@bigbuffer@items=\count144
)
(/usr/share/texmf/tex/generic/pgf/systemlayer/pgfsysprotocol.code.tex
File: pgfsysprotocol.code.tex 2006/10/16  (rcs-revision 1.4)
))
(/usr/share/texmf/tex/latex/xcolor/xcolor.sty
Package: xcolor 2007/01/21 v2.11 LaTeX color extensions (UK)

(/usr/share/texlive/texmf-dist/tex/latex/latexconfig/color.cfg
File: color.cfg 2007/01/18 v1.5 color configuration of teTeX/TeXLive
)
Package xcolor Info: Driver file: xetex.def on input line 225.
Package xcolor Info: Model `cmy' substituted by `cmy0' on input line 1337.
Package xcolor Info: Model `RGB' extended on input line 1353.
Package xcolor Info: Model `HTML' substituted by `rgb' on input line 1355.
Package xcolor Info: Model `Hsb' substituted by `hsb' on input line 1356.
Package xcolor Info: Model `tHsb' substituted by `hsb' on input line 1357.
Package xcolor Info: Model `HSB' substituted by `hsb' on input line 1358.
Package xcolor Info: Model `Gray' substituted by `gray' on input line 1359.
Package xcolor Info: Model `wave' substituted by `hsb' on input line 1360.
)
(/usr/share/texmf/tex/generic/pgf/basiclayer/pgfcore.code.tex
Package: pgfcore 2010/04/11 v2.10 (rcs-revision 1.7)

(/usr/share/texmf/tex/generic/pgf/math/pgfmath.code.tex
(/usr/share/texmf/tex/generic/pgf/math/pgfmathcalc.code.tex
(/usr/share/texmf/tex/generic/pgf/math/pgfmathutil.code.tex)
(/usr/share/texmf/tex/generic/pgf/math/pgfmathparser.code.tex
\pgfmath@dimen=\dimen157
\pgfmath@count=\count145
\pgfmath@box=\box30
\pgfmath@toks=\toks27
\pgfmath@stack@operand=\toks28
\pgfmath@stack@operation=\toks29
)
(/usr/share/texmf/tex/generic/pgf/math/pgfmathfunctions.code.tex
(/usr/share/texmf/tex/generic/pgf/math/pgfmathfunctions.basic.code.tex)
(/usr/share/texmf/tex/generic/pgf/math/pgfmathfunctions.trigonometric.code.tex)
(/usr/share/texmf/tex/generic/pgf/math/pgfmathfunctions.random.code.tex)
(/usr/share/texmf/tex/generic/pgf/math/pgfmathfunctions.comparison.code.tex)
(/usr/share/texmf/tex/generic/pgf/math/pgfmathfunctions.base.code.tex)
(/usr/share/texmf/tex/generic/pgf/math/pgfmathfunctions.round.code.tex)
(/usr/share/texmf/tex/generic/pgf/math/pgfmathfunctions.misc.code.tex)))
(/usr/share/texmf/tex/generic/pgf/math/pgfmathfloat.code.tex
\c@pgfmathroundto@lastzeros=\count146
))
(/usr/share/texmf/tex/generic/pgf/basiclayer/pgfcorepoints.code.tex
File: pgfcorepoints.code.tex 2010/04/09  (rcs-revision 1.20)
\pgf@picminx=\dimen158
\pgf@picmaxx=\dimen159
\pgf@picminy=\dimen160
\pgf@picmaxy=\dimen161
\pgf@pathminx=\dimen162
\pgf@pathmaxx=\dimen163
\pgf@pathminy=\dimen164
\pgf@pathmaxy=\dimen165
\pgf@xx=\dimen166
\pgf@xy=\dimen167
\pgf@yx=\dimen168
\pgf@yy=\dimen169
\pgf@zx=\dimen170
\pgf@zy=\dimen171
)
(/usr/share/texmf/tex/generic/pgf/basiclayer/pgfcorepathconstruct.code.tex
File: pgfcorepathconstruct.code.tex 2010/08/03  (rcs-revision 1.24)
\pgf@path@lastx=\dimen172
\pgf@path@lasty=\dimen173
)
(/usr/share/texmf/tex/generic/pgf/basiclayer/pgfcorepathusage.code.tex
File: pgfcorepathusage.code.tex 2008/04/22  (rcs-revision 1.12)
\pgf@shorten@end@additional=\dimen174
\pgf@shorten@start@additional=\dimen175
)
(/usr/share/texmf/tex/generic/pgf/basiclayer/pgfcorescopes.code.tex
File: pgfcorescopes.code.tex 2010/09/08  (rcs-revision 1.34)
\pgfpic=\box31
\pgf@hbox=\box32
\pgf@layerbox@main=\box33
\pgf@picture@serial@count=\count147
)
(/usr/share/texmf/tex/generic/pgf/basiclayer/pgfcoregraphicstate.code.tex
File: pgfcoregraphicstate.code.tex 2008/04/22  (rcs-revision 1.9)
\pgflinewidth=\dimen176
)
(/usr/share/texmf/tex/generic/pgf/basiclayer/pgfcoretransformations.code.tex
File: pgfcoretransformations.code.tex 2009/06/10  (rcs-revision 1.11)
\pgf@pt@x=\dimen177
\pgf@pt@y=\dimen178
\pgf@pt@temp=\dimen179
)
(/usr/share/texmf/tex/generic/pgf/basiclayer/pgfcorequick.code.tex
File: pgfcorequick.code.tex 2008/10/09  (rcs-revision 1.3)
)
(/usr/share/texmf/tex/generic/pgf/basiclayer/pgfcoreobjects.code.tex
File: pgfcoreobjects.code.tex 2006/10/11  (rcs-revision 1.2)
)
(/usr/share/texmf/tex/generic/pgf/basiclayer/pgfcorepathprocessing.code.tex
File: pgfcorepathprocessing.code.tex 2008/10/09  (rcs-revision 1.8)
)
(/usr/share/texmf/tex/generic/pgf/basiclayer/pgfcorearrows.code.tex
File: pgfcorearrows.code.tex 2008/04/23  (rcs-revision 1.11)
)
(/usr/share/texmf/tex/generic/pgf/basiclayer/pgfcoreshade.code.tex
File: pgfcoreshade.code.tex 2008/11/23  (rcs-revision 1.13)
\pgf@max=\dimen180
\pgf@sys@shading@range@num=\count148
)
(/usr/share/texmf/tex/generic/pgf/basiclayer/pgfcoreimage.code.tex
File: pgfcoreimage.code.tex 2010/03/25  (rcs-revision 1.16)

(/usr/share/texmf/tex/generic/pgf/basiclayer/pgfcoreexternal.code.tex
File: pgfcoreexternal.code.tex 2010/09/01  (rcs-revision 1.17)
\pgfexternal@startupbox=\box34
))
(/usr/share/texmf/tex/generic/pgf/basiclayer/pgfcorelayers.code.tex
File: pgfcorelayers.code.tex 2010/08/27  (rcs-revision 1.2)
)
(/usr/share/texmf/tex/generic/pgf/basiclayer/pgfcoretransparency.code.tex
File: pgfcoretransparency.code.tex 2008/01/17  (rcs-revision 1.2)
)
(/usr/share/texmf/tex/generic/pgf/basiclayer/pgfcorepatterns.code.tex
File: pgfcorepatterns.code.tex 2009/07/02  (rcs-revision 1.3)
)))
(/usr/share/texmf/tex/generic/pgf/modules/pgfmoduleshapes.code.tex
File: pgfmoduleshapes.code.tex 2010/09/09  (rcs-revision 1.13)
\pgfnodeparttextbox=\box35
)
(/usr/share/texmf/tex/generic/pgf/modules/pgfmoduleplot.code.tex
File: pgfmoduleplot.code.tex 2010/10/22  (rcs-revision 1.8)
)
(/usr/share/texmf/tex/latex/pgf/compatibility/pgfcomp-version-0-65.sty
Package: pgfcomp-version-0-65 2007/07/03 v2.10 (rcs-revision 1.7)
\pgf@nodesepstart=\dimen181
\pgf@nodesepend=\dimen182
)
(/usr/share/texmf/tex/latex/pgf/compatibility/pgfcomp-version-1-18.sty
Package: pgfcomp-version-1-18 2007/07/23 v2.10 (rcs-revision 1.1)
))
(/usr/share/texmf/tex/latex/pgf/utilities/pgffor.sty
(/usr/share/texmf/tex/latex/pgf/utilities/pgfkeys.sty
(/usr/share/texmf/tex/generic/pgf/utilities/pgfkeys.code.tex))
(/usr/share/texmf/tex/generic/pgf/utilities/pgffor.code.tex
Package: pgffor 2010/03/23 v2.10 (rcs-revision 1.18)
\pgffor@iter=\dimen183
\pgffor@skip=\dimen184
\pgffor@stack=\toks30
\pgffor@toks=\toks31
))
(/usr/share/texmf/tex/generic/pgf/frontendlayer/tikz/tikz.code.tex
Package: tikz 2010/10/13 v2.10 (rcs-revision 1.76)

(/usr/share/texmf/tex/generic/pgf/libraries/pgflibraryplothandlers.code.tex
File: pgflibraryplothandlers.code.tex 2010/05/31 v2.10 (rcs-revision 1.15)
\pgf@plot@mark@count=\count149
\pgfplotmarksize=\dimen185
)
\tikz@lastx=\dimen186
\tikz@lasty=\dimen187
\tikz@lastxsaved=\dimen188
\tikz@lastysaved=\dimen189
\tikzleveldistance=\dimen190
\tikzsiblingdistance=\dimen191
\tikz@figbox=\box36
\tikz@tempbox=\box37
\tikztreelevel=\count150
\tikznumberofchildren=\count151
\tikznumberofcurrentchild=\count152
\tikz@fig@count=\count153

(/usr/share/texmf/tex/generic/pgf/modules/pgfmodulematrix.code.tex
File: pgfmodulematrix.code.tex 2010/08/24  (rcs-revision 1.4)
\pgfmatrixcurrentrow=\count154
\pgfmatrixcurrentcolumn=\count155
\pgf@matrix@numberofcolumns=\count156
)
\tikz@expandcount=\count157

(/usr/share/texmf/tex/generic/pgf/frontendlayer/tikz/libraries/tikzlibrarytopat
hs.code.tex
File: tikzlibrarytopaths.code.tex 2008/06/17 v2.10 (rcs-revision 1.2)
))) (/usr/share/texlive/texmf-dist/tex/latex/pgfopts/pgfopts.sty
Package: pgfopts 2011/06/02 v2.1 LaTeX package options with pgfkeys
\pgfopts@list@add@a@toks=\toks32
\pgfopts@list@add@b@toks=\toks33
)
Package: pgfornament 2012/03/01 v0.1 vector ornaments

(/usr/share/texmf/tex/latex/pgflibraryvectorian.code.tex))
(/usr/share/texlive/texmf-dist/tex/latex/csquotes/csquotes.sty
Package: csquotes 2011/10/22 v5.1d context-sensitive quotations

(/usr/share/texlive/texmf-dist/tex/latex/etoolbox/etoolbox.sty
Package: etoolbox 2011/01/03 v2.1 e-TeX tools for LaTeX
\etb@tempcnta=\count158
)
\csq@reset=\count159
\csq@gtype=\count160
\csq@glevel=\count161
\csq@qlevel=\count162
\csq@maxlvl=\count163
\csq@tshold=\count164
\csq@ltx@everypar=\toks34

(/usr/share/texlive/texmf-dist/tex/latex/csquotes/csquotes.def
File: csquotes.def 2011/10/22 v5.1d csquotes generic definitions
)
Package csquotes Info: Trying to load configuration file 'csquotes.cfg'...
Package csquotes Info: ... configuration file loaded successfully.

(/usr/share/texlive/texmf-dist/tex/latex/csquotes/csquotes.cfg
File: csquotes.cfg 
)
Package csquotes Info: Enabling multilingual quotes.
Package csquotes Info: Redefining alias 'english' -> 'english/american'.
)
(/usr/share/texlive/texmf-dist/tex/generic/babel/babel.sty
Package: babel 2008/07/08 v3.8m The Babel package

(/usr/share/texlive/texmf-dist/tex/generic/babel/english.ldf
Language: english 2005/03/30 v3.3o English support from the babel system

(/usr/share/texlive/texmf-dist/tex/generic/babel/babel.def
File: babel.def 2008/07/08 v3.8m Babel common definitions
\babel@savecnt=\count165
\U@D=\dimen192
)
\l@british = a dialect from \language\l@english 
\l@UKenglish = a dialect from \language\l@english 
\l@canadian = a dialect from \language\l@american 
\l@australian = a dialect from \language\l@british 
\l@newzealand = a dialect from \language\l@british 
))
(/usr/share/texlive/texmf-dist/tex/latex/lettrine/lettrine.sty
File: lettrine.sty 2007/08/08 v1.62 (Daniel Flipo)
\c@DefaultLines=\count166
\DefaultFindent=\dimen193
\DefaultNindent=\dimen194
\DefaultSlope=\dimen195
\L@lbox=\box38
\L@tbox=\box39
\c@L@lines=\count167
\L@Pindent=\dimen196
\L@Findent=\dimen197
\L@Nindent=\dimen198
\L@lraise=\dimen199
\L@first=\dimen200
\L@next=\dimen201
\L@slope=\dimen202
\L@height=\dimen203
\LettrineWidth=\dimen204

Loading lettrine.cfg
(/usr/share/texlive/texmf-dist/tex/latex/lettrine/lettrine.cfg))
(/usr/share/texlive/texmf-dist/tex/latex/fontspec/fontspec.sty
Package: fontspec 2012/05/06 v2.2b Advanced font selection for XeLaTeX/LuaLaTeX


(/usr/share/texlive/texmf-dist/tex/latex/l3kernel/expl3.sty
(/usr/share/texlive/texmf-dist/tex/latex/l3kernel/l3names.sty
(/usr/share/texlive/texmf-dist/tex/latex/l3kernel/l3bootstrap.sty
Package: l3bootstrap 2011/12/29 v3110 L3 Experimental bootstrap code
)
Package: l3names 2012/03/04 v3494 L3 Experimental namespace for primitives
)
Package: expl3 2012/04/23 v3570 L3 Experimental code bundle wrapper

(/usr/share/texlive/texmf-dist/tex/latex/l3kernel/l3basics.sty
Package: l3basics 2012/03/04 v3491 L3 Experimental basic definitions
)
(/usr/share/texlive/texmf-dist/tex/latex/l3kernel/l3expan.sty
Package: l3expan 2012/02/26 v3460 L3 Experimental argument expansion
)
(/usr/share/texlive/texmf-dist/tex/latex/l3kernel/l3tl.sty
Package: l3tl 2012/03/04 v3490 L3 Experimental token lists
)
(/usr/share/texlive/texmf-dist/tex/latex/l3kernel/l3seq.sty
Package: l3seq 2012/03/04 v3490 L3 Experimental sequences and stacks
)
(/usr/share/texlive/texmf-dist/tex/latex/l3kernel/l3int.sty
Package: l3int 2012/03/04 v3490 L3 Experimental integers
\c_max_int=\count168
\l_tmpa_int=\count169
\l_tmpb_int=\count170
\l_tmpc_int=\count171
\g_tmpa_int=\count172
\g_tmpb_int=\count173
)
(/usr/share/texlive/texmf-dist/tex/latex/l3kernel/l3quark.sty
Package: l3quark 2012/02/12 v3384 L3 Experimental quarks
)
(/usr/share/texlive/texmf-dist/tex/latex/l3kernel/l3prg.sty
Package: l3prg 2012/03/04 v3490 L3 Experimental control structures
\g_prg_map_int=\count174
)
(/usr/share/texlive/texmf-dist/tex/latex/l3kernel/l3clist.sty
Package: l3clist 2012/03/04 v3490 L3 Experimental comma separated lists
)
(/usr/share/texlive/texmf-dist/tex/latex/l3kernel/l3token.sty
Package: l3token 2012/03/04 v3491 L3 Experimental token manipulation
)
(/usr/share/texlive/texmf-dist/tex/latex/l3kernel/l3prop.sty
Package: l3prop 2012/03/04 v3490 L3 Experimental property lists
)
(/usr/share/texlive/texmf-dist/tex/latex/l3kernel/l3msg.sty
Package: l3msg 2012/04/23 v3568 L3 Experimental messages
)
(/usr/share/texlive/texmf-dist/tex/latex/l3kernel/l3file.sty
Package: l3file 2012/03/09 v3520 L3 Experimental file and I/O operations
\l_iow_stream_int=\count175
\l_iow_line_length_int=\count176
\l_iow_target_length_int=\count177
\l_iow_current_line_int=\count178
\l_iow_current_word_int=\count179
\l_iow_current_indentation_int=\count180
)
(/usr/share/texlive/texmf-dist/tex/latex/l3kernel/l3skip.sty
Package: l3skip 2012/03/05 v3499 L3 Experimental dimensions and skips
Normal \dimen register pool exhausted, switching to extended pool.
\l_tmpa_dim=\dimen256
\l_tmpb_dim=\dimen257
\l_tmpc_dim=\dimen258
\g_tmpa_dim=\dimen259
\g_tmpb_dim=\dimen260
\l_tmpa_skip=\skip185
\l_tmpb_skip=\skip186
\l_tmpc_skip=\skip187
\g_tmpa_skip=\skip188
\g_tmpb_skip=\skip189
)
(/usr/share/texlive/texmf-dist/tex/latex/l3kernel/l3keys.sty
Package: l3keys 2012/03/03 v3487 L3 Experimental key-value interfaces
\g_keyval_level_int=\count181
\l_keys_choice_int=\count182
)
(/usr/share/texlive/texmf-dist/tex/latex/l3kernel/l3fp.sty
Package: l3fp 2012/03/04 v3490 L3 Experimental floating-point operations
\c_one_hundred_million=\count183
\c_five_hundred_million=\count184
\c_one_thousand_million=\count185
\c_fp_pi_by_four_decimal_int=\count186
\c_fp_pi_by_four_extended_int=\count187
\c_fp_pi_decimal_int=\count188
\c_fp_pi_extended_int=\count189
\c_fp_two_pi_decimal_int=\count190
\c_fp_two_pi_extended_int=\count191
\l_fp_count_int=\count192
\l_fp_div_offset_int=\count193
\l_fp_exp_integer_int=\count194
\l_fp_exp_decimal_int=\count195
\l_fp_exp_extended_int=\count196
Normal \count register pool exhausted, switching to extended pool.
\l_fp_exp_exponent_int=\count277
\l_fp_input_a_sign_int=\count278
\l_fp_input_a_integer_int=\count279
\l_fp_input_a_decimal_int=\count280
\l_fp_input_a_exponent_int=\count281
\l_fp_input_b_sign_int=\count282
\l_fp_input_b_integer_int=\count283
\l_fp_input_b_decimal_int=\count284
\l_fp_input_b_exponent_int=\count285
\l_fp_input_a_extended_int=\count286
\l_fp_input_b_extended_int=\count287
\l_fp_mul_a_i_int=\count288
\l_fp_mul_a_ii_int=\count289
\l_fp_mul_a_iii_int=\count290
\l_fp_mul_a_iv_int=\count291
\l_fp_mul_a_v_int=\count292
\l_fp_mul_a_vi_int=\count293
\l_fp_mul_b_i_int=\count294
\l_fp_mul_b_ii_int=\count295
\l_fp_mul_b_iii_int=\count296
\l_fp_mul_b_iv_int=\count297
\l_fp_mul_b_v_int=\count298
\l_fp_mul_b_vi_int=\count299
\l_fp_mul_output_int=\count300
\l_fp_output_sign_int=\count301
\l_fp_output_integer_int=\count302
\l_fp_output_decimal_int=\count303
\l_fp_output_exponent_int=\count304
\l_fp_output_extended_int=\count305
\l_fp_round_position_int=\count306
\l_fp_round_target_int=\count307
\l_fp_split_sign_int=\count308
\l_fp_internal_int=\count309
\l_fp_trig_octant_int=\count310
\l_fp_trig_sign_int=\count311
\l_fp_trig_decimal_int=\count312
\l_fp_trig_extended_int=\count313
\l_fp_internal_dim=\dimen261
\l_fp_internal_skip=\skip190
)
(/usr/share/texlive/texmf-dist/tex/latex/l3kernel/l3box.sty
Package: l3box 2012/03/04 v3490 L3 Experimental boxes
\l_tmpb_box=\box40
\l_box_top_dim=\dimen262
\l_box_bottom_dim=\dimen263
\l_box_left_dim=\dimen264
\l_box_right_dim=\dimen265
\l_box_top_new_dim=\dimen266
\l_box_bottom_new_dim=\dimen267
\l_box_left_new_dim=\dimen268
\l_box_right_new_dim=\dimen269
\l_box_internal_box=\box41
)
(/usr/share/texlive/texmf-dist/tex/latex/l3kernel/l3coffins.sty
Package: l3coffins 2012/03/03 v3482 L3 Experimental coffin code layer
\l_coffin_internal_box=\box42
\l_coffin_internal_dim=\dimen270
\l_coffin_offset_x_dim=\dimen271
\l_coffin_offset_y_dim=\dimen272
\l_coffin_x_dim=\dimen273
\l_coffin_y_dim=\dimen274
\l_coffin_x_prime_dim=\dimen275
\l_coffin_y_prime_dim=\dimen276
\l_coffin_Depth_dim=\dimen277
\l_coffin_Height_dim=\dimen278
\l_coffin_TotalHeight_dim=\dimen279
\l_coffin_Width_dim=\dimen280
\c_empty_coffin=\box43
\l_coffin_aligned_coffin=\box44
\l_coffin_aligned_internal_coffin=\box45
\l_coffin_bounding_shift_dim=\dimen281
\l_coffin_left_corner_dim=\dimen282
\l_coffin_right_corner_dim=\dimen283
\l_coffin_bottom_corner_dim=\dimen284
\l_coffin_top_corner_dim=\dimen285
\l_coffin_scaled_total_height_dim=\dimen286
\l_coffin_scaled_width_dim=\dimen287
\l_coffin_display_coffin=\box46
\l_coffin_display_coord_coffin=\box47
\l_coffin_display_pole_coffin=\box48
\l_coffin_display_offset_dim=\dimen288
\l_coffin_display_x_dim=\dimen289
\l_coffin_display_y_dim=\dimen290
)
(/usr/share/texlive/texmf-dist/tex/latex/l3kernel/l3color.sty
Package: l3color 2011/09/07 v2776 L3 Experimental colour support
)
(/usr/share/texlive/texmf-dist/tex/latex/l3kernel/l3luatex.sty
Package: l3luatex 2012/02/09 v3355 L3 Experimental LuaTeX-specific functions
\g_cctab_allocate_int=\count314
\g_cctab_stack_int=\count315
))
(/usr/share/texlive/texmf-dist/tex/latex/l3packages/xparse/xparse.sty
Package: xparse 2012/04/23 v3570 L3 Experimental document command parser
\l_xparse_current_arg_int=\count316
\l_xparse_m_args_int=\count317
\l_xparse_mandatory_args_int=\count318
\l_xparse_processor_int=\count319
\l_xparse_v_nesting_int=\count320
)
\l_fontspec_script_int=\count321
\l_fontspec_language_int=\count322
\l_fontspec_strnum_int=\count323
\l_fontspec_tmpa_dim=\dimen291
\l_fontspec_tmpb_dim=\dimen292
\l_fontspec_tmpc_dim=\dimen293
Variant \tl_gset:cV already defined; not changing it on line 66

(/usr/share/texlive/texmf-dist/tex/latex/fontspec/fontspec-patches.sty
Package: fontspec-patches 2012/05/06 v2.2b Advanced font selection for XeLaTeX/
LuaLaTeX

(/usr/share/texlive/texmf-dist/tex/latex/base/fixltx2e.sty
Package: fixltx2e 2006/09/13 v1.1m fixes to LaTeX
LaTeX Info: Redefining \em on input line 420.
LaTeX Info: Redefining \textsubscript on input line 424.
)
LaTeX Info: Redefining \em on input line 22.
LaTeX Info: Redefining \emph on input line 29.
LaTeX Info: Redefining \- on input line 32.

*************************************************
* LaTeX warning: "xparse/redefine-command"
* 
* Redefining document command \oldstylenums with arg. spec. 'm' on line 107.
*************************************************
.................................................
. LaTeX info: "xparse/define-command"
. 
. Defining document command \liningnums with arg. spec. 'm' on line 111.
.................................................
) (/usr/share/texlive/texmf-dist/tex/latex/fontspec/fontspec-xetex.sty
Package: fontspec-xetex 2012/05/06 v2.2b Advanced font selection for XeLaTeX/Lu
aLaTeX

(/usr/share/texlive/texmf-dist/tex/latex/base/fontenc.sty
Package: fontenc 2005/09/27 v1.99g Standard LaTeX package

(/usr/share/texlive/texmf-dist/tex/latex/euenc/eu1enc.def
File: eu1enc.def 2010/05/27 v0.1h Experimental Unicode font encodings
)
LaTeX Font Info:    Try loading font information for EU1+lmr on input line 100.


(/usr/share/texlive/texmf-dist/tex/latex/euenc/eu1lmr.fd
File: eu1lmr.fd 2009/10/30 v1.6 Font defs for Latin Modern
))
(/usr/share/texlive/texmf-dist/tex/xelatex/xunicode/xunicode.sty
File: xunicode.sty 2011/09/09 v0.981 provides access to latin accents and many 
other characters in Unicode lower plane

(/usr/share/texmf/tex/latex/tipa/t3enc.def
File: t3enc.def 2001/12/31 T3 encoding
LaTeX Font Info:    Try loading font information for EU1+lmss on input line 357
.

(/usr/share/texlive/texmf-dist/tex/latex/euenc/eu1lmss.fd
File: eu1lmss.fd 2009/10/30 v1.6 Font defs for Latin Modern
))
\tipaTiiicode=\count324
\tipasavetokens=\toks35
\tipachecktokens=\toks36
)
.................................................
. LaTeX info: "xparse/define-command"
. 
. Defining document command \fontspec with arg. spec. 'O{}m' on line 39.
.................................................
.................................................
. LaTeX info: "xparse/define-command"
. 
. Defining document command \setmainfont with arg. spec. 'O{}m' on line 43.
.................................................
.................................................
. LaTeX info: "xparse/define-command"
. 
. Defining document command \setsansfont with arg. spec. 'O{}m' on line 47.
.................................................
.................................................
. LaTeX info: "xparse/define-command"
. 
. Defining document command \setmonofont with arg. spec. 'O{}m' on line 51.
.................................................
.................................................
. LaTeX info: "xparse/define-command"
. 
. Defining document command \setmathrm with arg. spec. 'O{}m' on line 59.
.................................................
.................................................
. LaTeX info: "xparse/define-command"
. 
. Defining document command \setboldmathrm with arg. spec. 'O{}m' on line 62.
.................................................
.................................................
. LaTeX info: "xparse/define-command"
. 
. Defining document command \setmathsf with arg. spec. 'O{}m' on line 65.
.................................................
.................................................
. LaTeX info: "xparse/define-command"
. 
. Defining document command \setmathtt with arg. spec. 'O{}m' on line 68.
.................................................
.................................................
. LaTeX info: "xparse/define-command"
. 
. Defining document command \newfontfamily with arg. spec. 'mO{}m' on line 84.
.................................................
.................................................
. LaTeX info: "xparse/define-command"
. 
. Defining document command \newfontface with arg. spec. 'mO{}m' on line 87.
.................................................
.................................................
. LaTeX info: "xparse/define-command"
. 
. Defining document command \defaultfontfeatures with arg. spec. 'm' on line
. 91.
.................................................
.................................................
. LaTeX info: "xparse/define-command"
. 
. Defining document command \addfontfeatures with arg. spec. 'm' on line 107.
.................................................
.................................................
. LaTeX info: "xparse/define-command"
. 
. Defining document command \newfontfeature with arg. spec. 'mm' on line 118.
.................................................
.................................................
. LaTeX info: "xparse/define-command"
. 
. Defining document command \newAATfeature with arg. spec. 'mmmm' on line 125.
.................................................
.................................................
. LaTeX info: "xparse/define-command"
. 
. Defining document command \newICUfeature with arg. spec. 'mmm' on line 132.
.................................................
.................................................
. LaTeX info: "xparse/define-command"
. 
. Defining document command \aliasfontfeature with arg. spec. 'mm' on line
. 159.
.................................................
.................................................
. LaTeX info: "xparse/define-command"
. 
. Defining document command \aliasfontfeatureoption with arg. spec. 'mmm' on
. line 164.
.................................................
.................................................
. LaTeX info: "xparse/define-command"
. 
. Defining document command \newfontscript with arg. spec. 'mm' on line 169.
.................................................
.................................................
. LaTeX info: "xparse/define-command"
. 
. Defining document command \newfontlanguage with arg. spec. 'mm' on line 192.
.................................................
.................................................
. LaTeX info: "xparse/define-command"
. 
. Defining document command \DeclareFontsExtensions with arg. spec. 'm' on
. line 211.
.................................................
Variant \prop_gput:cnV already defined; not changing it on line 485
Variant \prop_gput:cnx already defined; not changing it on line 486
\l_fontspec_tmp_int=\count325
LaTeX Info: Redefining \itshape on input line 1893.
LaTeX Info: Redefining \slshape on input line 1897.
LaTeX Info: Redefining \scshape on input line 1901.
LaTeX Info: Redefining \upshape on input line 1905.

(/usr/share/texlive/texmf-dist/tex/latex/fontspec/fontspec.cfg)))
Package csquotes Info: Allocating character ".
.................................................
. fontspec info: "no-scripts"
. 
. Font GoudyInitialen does not contain any OpenType `Script' information.
.................................................
\g_fontspec_family_GoudyInitialen_int=\count326
.................................................
. fontspec info: "no-font-shape"
. 
. Could not resolve font GoudyInitialen/B (it probably doesn't exist).
.................................................
.................................................
. fontspec info: "no-font-shape"
. 
. Could not resolve font GoudyInitialen/I (it probably doesn't exist).
.................................................
.................................................
. fontspec info: "no-font-shape"
. 
. Could not resolve font GoudyInitialen/BI (it probably doesn't exist).
.................................................
.................................................
. fontspec info: "defining-font"
. 
. Font family 'GoudyInitialen(0)' created for font 'GoudyInitialen' with
. options [Ligatures=TeX,].
. 
. This font family consists of the following shapes:
. 
. * 'normal' with NFSS spec.:
. <->"GoudyInitialen/ICU:mapping=tex-text;"
.................................................
.................................................
. fontspec info: "no-scripts"
. 
. Font MagicCardsNormal does not contain any OpenType `Script' information.
.................................................
\g_fontspec_family_MagicCardsNormal_int=\count327
.................................................
. fontspec info: "no-font-shape"
. 
. Could not resolve font MagicCardsNormal/B (it probably doesn't exist).
.................................................
.................................................
. fontspec info: "no-font-shape"
. 
. Could not resolve font MagicCardsNormal/I (it probably doesn't exist).
.................................................
.................................................
. fontspec info: "no-font-shape"
. 
. Could not resolve font MagicCardsNormal/BI (it probably doesn't exist).
.................................................
.................................................
. fontspec info: "defining-font"
. 
. Font family 'MagicCardsNormal(0)' created for font 'MagicCardsNormal' with
. options [Ligatures=TeX,].
. 
. This font family consists of the following shapes:
. 
. * 'normal' with NFSS spec.:
. <->"MagicCardsNormal/ICU:mapping=tex-text;"
.................................................
)
(./macros.tex)
Package csquotes Info: Checking for multilingual support...
Package csquotes Info: ... found 'babel' package.
 (./daggerfall.aux (./a_history_of_daggerfall.aux)
(./divad_the_singer.aux) (./notes_for_redguard_history.aux)
(./redguards_history_and_heroes.aux) (./the_fall_of_the_usurper.aux)
(./the_memory_stone.aux) (./a_dubious_tale_of_the_crystal_tower.aux)
(./bankers_bet.aux) (./fools_ebony.aux) (./healers_tale.aux) (./jokes.aux)
(./rude_song.aux) (./the_alikr.aux) (./the_arrowshot_woman.aux)
(./the_epic_of_the_grey_falcon.aux) (./a_scholars_guide_to_nymphs.aux)
(./the_faerie.aux) (./a_tale_of_kieran.aux) (./ius_animal_god.aux)
(./the_asylum_ball.aux) (./arkay_the_god.aux) (./ghraewaj_and_the_harpies.aux)
(./maras_tear.aux) (./oelanders_hammer_an_instructive_tale_for_children.aux)
(./the_ebon_arm.aux) (./the_first_scroll_of_baan_dar.aux)
(./the_legend_of_lovers_lament.aux) (./the_light_and_the_dark.aux)
(./the_sage.aux) (./the_story_of_lysirius.aux) (./wabbajack.aux)
(./broken_diamonds.aux) (./etiquette_with_rulers.aux)
(./holidays_of_the_iliac_bay.aux) (./legal_basics.aux) (./on_lycanthropy.aux)
(./special_flora_of_tamriel.aux) (./vampires_of_the_iliac_bay.aux)
(./confessions_of_a_thief.aux) (./the_pig_children.aux)
(./the_war_of_betony_daggerfall.aux) (./the_war_of_betony_sentinel.aux)
(./wayrest_jewel_of_the_bay.aux))
\openout1 = `daggerfall.aux'.

LaTeX Font Info:    Checking defaults for OML/cmm/m/it on input line 10.
LaTeX Font Info:    ... okay on input line 10.
LaTeX Font Info:    Checking defaults for T1/cmr/m/n on input line 10.
LaTeX Font Info:    ... okay on input line 10.
LaTeX Font Info:    Checking defaults for OT1/cmr/m/n on input line 10.
LaTeX Font Info:    ... okay on input line 10.
LaTeX Font Info:    Checking defaults for OMS/cmsy/m/n on input line 10.
LaTeX Font Info:    ... okay on input line 10.
LaTeX Font Info:    Checking defaults for OMX/cmex/m/n on input line 10.
LaTeX Font Info:    ... okay on input line 10.
LaTeX Font Info:    Checking defaults for U/cmr/m/n on input line 10.
LaTeX Font Info:    ... okay on input line 10.
LaTeX Font Info:    Checking defaults for EU1/lmr/m/n on input line 10.
LaTeX Font Info:    ... okay on input line 10.
LaTeX Font Info:    Checking defaults for T3/cmr/m/n on input line 10.
LaTeX Font Info:    Try loading font information for T3+cmr on input line 10.
 (/usr/share/texmf/tex/latex/tipa/t3cmr.fd
File: t3cmr.fd 2001/12/31 TIPA font definitions
)
LaTeX Font Info:    ... okay on input line 10.

ABD: EveryShipout initializing macros
Package csquotes Info: Making character " active on input line 10.
.................................................
. fontspec info: "setup-math"
. 
. Adjusting the maths setup (use [no-math] to avoid this).
.................................................
\symlegacymaths=\mathgroup4
LaTeX Font Info:    Overwriting symbol font `legacymaths' in version `bold'
(Font)                  OT1/cmr/m/n --> OT1/cmr/bx/n on input line 10.
LaTeX Font Info:    Redeclaring math accent \acute on input line 10.
LaTeX Font Info:    Redeclaring math accent \grave on input line 10.
LaTeX Font Info:    Redeclaring math accent \ddot on input line 10.
LaTeX Font Info:    Redeclaring math accent \tilde on input line 10.
LaTeX Font Info:    Redeclaring math accent \bar on input line 10.
LaTeX Font Info:    Redeclaring math accent \breve on input line 10.
LaTeX Font Info:    Redeclaring math accent \check on input line 10.
LaTeX Font Info:    Redeclaring math accent \hat on input line 10.
LaTeX Font Info:    Redeclaring math accent \dot on input line 10.
LaTeX Font Info:    Redeclaring math accent \mathring on input line 10.
LaTeX Font Info:    Redeclaring math symbol \colon on input line 10.
LaTeX Font Info:    Redeclaring math symbol \Gamma on input line 10.
LaTeX Font Info:    Redeclaring math symbol \Delta on input line 10.
LaTeX Font Info:    Redeclaring math symbol \Theta on input line 10.
LaTeX Font Info:    Redeclaring math symbol \Lambda on input line 10.
LaTeX Font Info:    Redeclaring math symbol \Xi on input line 10.
LaTeX Font Info:    Redeclaring math symbol \Pi on input line 10.
LaTeX Font Info:    Redeclaring math symbol \Sigma on input line 10.
LaTeX Font Info:    Redeclaring math symbol \Upsilon on input line 10.
LaTeX Font Info:    Redeclaring math symbol \Phi on input line 10.
LaTeX Font Info:    Redeclaring math symbol \Psi on input line 10.
LaTeX Font Info:    Redeclaring math symbol \Omega on input line 10.
LaTeX Font Info:    Redeclaring math symbol \mathdollar on input line 10.
LaTeX Font Info:    Redeclaring symbol font `operators' on input line 10.
LaTeX Font Info:    Encoding `OT1' has changed to `EU1' for symbol font
(Font)              `operators' in the math version `normal' on input line 10.
LaTeX Font Info:    Overwriting symbol font `operators' in version `normal'
(Font)                  OT1/cmr/m/n --> EU1/lmr/m/n on input line 10.
LaTeX Font Info:    Encoding `OT1' has changed to `EU1' for symbol font
(Font)              `operators' in the math version `bold' on input line 10.
LaTeX Font Info:    Overwriting symbol font `operators' in version `bold'
(Font)                  OT1/cmr/bx/n --> EU1/lmr/m/n on input line 10.
LaTeX Font Info:    Overwriting symbol font `operators' in version `normal'
(Font)                  EU1/lmr/m/n --> EU1/lmr/m/n on input line 10.
LaTeX Font Info:    Overwriting math alphabet `\mathrm' in version `normal'
(Font)                  EU1/lmr/m/n --> EU1/lmr/m/n on input line 10.
LaTeX Font Info:    Overwriting math alphabet `\mathit' in version `normal'
(Font)                  OT1/cmr/m/it --> EU1/lmr/m/it on input line 10.
LaTeX Font Info:    Overwriting math alphabet `\mathbf' in version `normal'
(Font)                  OT1/cmr/bx/n --> EU1/lmr/bx/n on input line 10.
LaTeX Font Info:    Overwriting math alphabet `\mathsf' in version `normal'
(Font)                  OT1/cmss/m/n --> EU1/lmss/m/n on input line 10.
LaTeX Font Info:    Overwriting math alphabet `\mathtt' in version `normal'
(Font)                  OT1/cmtt/m/n --> EU1/lmtt/m/n on input line 10.
LaTeX Font Info:    Overwriting symbol font `operators' in version `bold'
(Font)                  EU1/lmr/m/n --> EU1/lmr/bx/n on input line 10.
LaTeX Font Info:    Overwriting math alphabet `\mathrm' in version `bold'
(Font)                  EU1/lmr/m/n --> EU1/lmr/bx/n on input line 10.
LaTeX Font Info:    Overwriting math alphabet `\mathit' in version `bold'
(Font)                  OT1/cmr/bx/it --> EU1/lmr/bx/it on input line 10.
LaTeX Font Info:    Overwriting math alphabet `\mathsf' in version `bold'
(Font)                  OT1/cmss/bx/n --> EU1/lmss/bx/n on input line 10.
LaTeX Font Info:    Overwriting math alphabet `\mathtt' in version `bold'
(Font)                  OT1/cmtt/m/n --> EU1/lmtt/bx/n on input line 10.
 (./frontmatter.tex
LaTeX Font Info:    External font `cmex10' loaded for size
(Font)              <10.95> on input line 14.
LaTeX Font Info:    External font `cmex10' loaded for size
(Font)              <8> on input line 14.
LaTeX Font Info:    External font `cmex10' loaded for size
(Font)              <6> on input line 14.


LaTeX Warning: No \author given.

[1


] [2] [3] [4]) (./daggerfall.toc
LaTeX Font Info:    External font `cmex10' loaded for size
(Font)              <7> on input line 2.
LaTeX Font Info:    External font `cmex10' loaded for size
(Font)              <5> on input line 2.
 [5]) (./mainmatter.tex [6]

LaTeX Font Warning: Font shape `EU1/MagicCardsNormal(0)/bx/n' undefined
(Font)              using `EU1/MagicCardsNormal(0)/m/n' instead on input line 9
.

[1


] [2]
\openout2 = `a_history_of_daggerfall.aux'.

 (./a_history_of_daggerfall.tex
Underfull \vbox (badness 10000) has occurred while \output is active []

 [3


]
Overfull \hbox (4.23201pt too wide) in paragraph at lines 13--14
\EU1/lmr/m/n/10 369, the northlands engaged in the War of Succession and Skyrim
,
 []


Underfull \vbox (badness 10000) has occurred while \output is active []

 [4]
Overfull \hbox (6.11pt too wide) in paragraph at lines 19--20
\EU1/lmr/m/n/10 hundred and seventy years later that ended Daggerfall’s monop
oly
 []


Underfull \vbox (badness 10000) has occurred while \output is active []

 [5])
[6]
\openout2 = `divad_the_singer.aux'.

 (./divad_the_singer.tex
Overfull \hbox (9.50766pt too wide) in paragraph at lines 3--4
\EU1/lmr/m/n/10 known of the Redguard heroes. Frandar Hund-
 []


Underfull \vbox (badness 10000) has occurred while \output is active []

 [7



]
Underfull \vbox (badness 10000) has occurred while \output is active []

 [8]
Underfull \vbox (badness 10000) has occurred while \output is active []

 [9])
[10]
\openout2 = `notes_for_redguard_history.aux'.

 (./notes_for_redguard_history.tex
Overfull \hbox (0.62268pt too wide) in paragraph at lines 3--4
$[]$[] \EU1/lmr/m/n/10 Note: Destri Melarg was a well-
 []


Underfull \vbox (badness 10000) has occurred while \output is active []

 [11



]
(/usr/share/texmf/tex/generic/vectorian/vectorian89.pgf)
Underfull \vbox (badness 10000) has occurred while \output is active []

 [12]
Underfull \vbox (badness 10000) has occurred while \output is active []

 [13]
Underfull \vbox (badness 10000) has occurred while \output is active []

 [14])
[15]
\openout2 = `redguards_history_and_heroes.aux'.

 (./redguards_history_and_heroes.tex [16



]
Underfull \vbox (badness 10000) has occurred while \output is active []

 [17]
Underfull \vbox (badness 10000) has occurred while \output is active []

 [18]
Underfull \vbox (badness 10000) has occurred while \output is active []

 [19]
Underfull \vbox (badness 10000) has occurred while \output is active []

 [20]
Underfull \vbox (badness 10000) has occurred while \output is active []

 [21]
Underfull \vbox (badness 10000) has occurred while \output is active []

 [22])
[23]
\openout2 = `the_fall_of_the_usurper.aux'.

 (./the_fall_of_the_usurper.tex [24



]
Underfull \vbox (badness 10000) has occurred while \output is active []

 [25]
Overfull \hbox (1.70999pt too wide) in paragraph at lines 9--10
[]\EU1/lmr/m/n/10 The Camoran Usurper had conquered Hammerfell and Valen-
 []


Underfull \vbox (badness 10000) has occurred while \output is active []

 [26]
Underfull \vbox (badness 10000) has occurred while \output is active []

 [27])
[28]
\openout2 = `the_memory_stone.aux'.

 (./the_memory_stone.tex
Overfull \hbox (10.78967pt too wide) in paragraph at lines 3--4
\EU1/lmr/m/n/10 recorded in Makela Leki’s memory stone, found
 []

(/usr/share/texmf/tex/generic/vectorian/vectorian89.pgf)
Underfull \vbox (badness 10000) has occurred while \output is active []

 [29



]
Underfull \vbox (badness 10000) has occurred while \output is active []

 [30]
Underfull \vbox (badness 10000) has occurred while \output is active []

 [31]
Underfull \vbox (badness 10000) has occurred while \output is active []

 [32]
Underfull \vbox (badness 10000) has occurred while \output is active []

 [33])
[34] [35


] [36]
\openout2 = `a_dubious_tale_of_the_crystal_tower.aux'.

 (./a_dubious_tale_of_the_crystal_tower.tex
Underfull \vbox (badness 10000) has occurred while \output is active []

 [37


]
Underfull \vbox (badness 10000) has occurred while \output is active []

 [38])
[39]
\openout2 = `bankers_bet.aux'.

 (./bankers_bet.tex [40



]
Underfull \vbox (badness 10000) has occurred while \output is active []

 [41]
Underfull \vbox (badness 10000) has occurred while \output is active []

 [42]
Overfull \hbox (5.61002pt too wide) in paragraph at lines 33--34
[]\EU1/lmr/m/n/10 Mr. Baggledon was somewhat taken aback by the old woman’s
 []


Underfull \vbox (badness 10000) has occurred while \output is active []

 [43])
[44]
\openout2 = `fools_ebony.aux'.

 (./fools_ebony.tex [45



]
LaTeX Font Info:    External font `cmex10' loaded for size
(Font)              <9> on input line 30.

Overfull \hbox (0.26485pt too wide) in paragraph at lines 30--31
$[]$[] \EU1/lmr/m/it/9 Priests and Nackles As related at length
 []

[46]
Underfull \vbox (badness 10000) has occurred while \output is active []

 [47]
Underfull \vbox (badness 10000) has occurred while \output is active []

 [48]
Underfull \vbox (badness 10000) has occurred while \output is active []

 [49]
Underfull \vbox (badness 10000) has occurred while \output is active []

 [50]
Underfull \vbox (badness 10000) has occurred while \output is active []

 [51]
Underfull \vbox (badness 10000) has occurred while \output is active []

 [52])
[53]
\openout2 = `healers_tale.aux'.

 (./healers_tale.tex [54



]
Underfull \vbox (badness 10000) has occurred while \output is active []

 [55])
[56]
\openout2 = `jokes.aux'.


No file jokes.tex.
\openout2 = `rude_song.aux'.

(./rude_song.tex
Underfull \vbox (badness 10000) has occurred while \output is active []

 [57





])
Underfull \vbox (badness 10000) has occurred while \output is active []

 [58]
[59]
\openout2 = `the_alikr.aux'.

 (./the_alikr.tex [60



]
Underfull \vbox (badness 10000) has occurred while \output is active []

 [61]
Underfull \vbox (badness 10000) has occurred while \output is active []

 [62])
[63]
\openout2 = `the_arrowshot_woman.aux'.

 (./the_arrowshot_woman.tex [64



]
Underfull \vbox (badness 10000) has occurred while \output is active []

 [65])
[66]
\openout2 = `the_epic_of_the_grey_falcon.aux'.

 (./the_epic_of_the_grey_falcon.tex
Underfull \vbox (badness 10000) has occurred while \output is active []

 [67



]
Overfull \hbox (4.65495pt too wide) in paragraph at lines 11--12
[]\EU1/lmr/m/n/9 Early morning the next day, They took an inventory of the life
boats
 []


Underfull \vbox (badness 10000) has occurred while \output is active []

 [68])
[69] [70


] [71] [72]
\openout2 = `a_scholars_guide_to_nymphs.aux'.

 (./a_scholars_guide_to_nymphs.tex
Underfull \vbox (badness 10000) has occurred while \output is active []

 [73


]
Underfull \vbox (badness 10000) has occurred while \output is active []

 [74]
Underfull \vbox (badness 10000) has occurred while \output is active []

 [75])
[76]
\openout2 = `the_faerie.aux'.

 (./the_faerie.tex
Underfull \vbox (badness 10000) has occurred while \output is active []

 [77



])
[78] [79


] [80]
\openout2 = `a_tale_of_kieran.aux'.


No file a_tale_of_kieran.tex.
\openout2 = `ius_animal_god.aux'.

No file ius_animal_god.tex.
\openout2 = `the_asylum_ball.aux'.

No file the_asylum_ball.tex.
[81







] [82]
\openout2 = `arkay_the_god.aux'.


No file arkay_the_god.tex.
\openout2 = `ghraewaj_and_the_harpies.aux'.

No file ghraewaj_and_the_harpies.tex.
\openout2 = `maras_tear.aux'.

No file maras_tear.tex.
\openout2 = `oelanders_hammer_an_instructive_tale_for_children.aux'.

No file oelanders_hammer_an_instructive_tale_for_children.tex.
\openout2 = `the_ebon_arm.aux'.

No file the_ebon_arm.tex.
\openout2 = `the_first_scroll_of_baan_dar.aux'.

No file the_first_scroll_of_baan_dar.tex.
\openout2 = `the_legend_of_lovers_lament.aux'.

No file the_legend_of_lovers_lament.tex.
\openout2 = `the_light_and_the_dark.aux'.

No file the_light_and_the_dark.tex.
\openout2 = `the_sage.aux'.

No file the_sage.tex.
\openout2 = `the_story_of_lysirius.aux'.

No file the_story_of_lysirius.tex.
\openout2 = `wabbajack.aux'.

No file wabbajack.tex.
[83























] [84]
\openout2 = `broken_diamonds.aux'.


No file broken_diamonds.tex.
\openout2 = `etiquette_with_rulers.aux'.

No file etiquette_with_rulers.tex.
\openout2 = `holidays_of_the_iliac_bay.aux'.

No file holidays_of_the_iliac_bay.tex.
\openout2 = `legal_basics.aux'.

No file legal_basics.tex.
\openout2 = `on_lycanthropy.aux'.

No file on_lycanthropy.tex.
\openout2 = `special_flora_of_tamriel.aux'.

No file special_flora_of_tamriel.tex.
\openout2 = `vampires_of_the_iliac_bay.aux'.

No file vampires_of_the_iliac_bay.tex.
[85















] [86]
\openout2 = `confessions_of_a_thief.aux'.


No file confessions_of_a_thief.tex.
\openout2 = `the_pig_children.aux'.

No file the_pig_children.tex.
\openout2 = `the_war_of_betony_daggerfall.aux'.

No file the_war_of_betony_daggerfall.tex.
\openout2 = `the_war_of_betony_sentinel.aux'.

No file the_war_of_betony_sentinel.tex.
\openout2 = `wayrest_jewel_of_the_bay.aux'.

No file wayrest_jewel_of_the_bay.tex.
)
\tf@toc=\write5
\openout5 = `daggerfall.toc'.

 (./daggerfall.aux (./a_history_of_daggerfall.aux) (./divad_the_singer.aux)
(./notes_for_redguard_history.aux) (./redguards_history_and_heroes.aux)
(./the_fall_of_the_usurper.aux) (./the_memory_stone.aux)
(./a_dubious_tale_of_the_crystal_tower.aux) (./bankers_bet.aux)
(./fools_ebony.aux) (./healers_tale.aux) (./jokes.aux) (./rude_song.aux)
(./the_alikr.aux) (./the_arrowshot_woman.aux)
(./the_epic_of_the_grey_falcon.aux) (./a_scholars_guide_to_nymphs.aux)
(./the_faerie.aux) (./a_tale_of_kieran.aux) (./ius_animal_god.aux)
(./the_asylum_ball.aux) (./arkay_the_god.aux) (./ghraewaj_and_the_harpies.aux)
(./maras_tear.aux) (./oelanders_hammer_an_instructive_tale_for_children.aux)
(./the_ebon_arm.aux) (./the_first_scroll_of_baan_dar.aux)
(./the_legend_of_lovers_lament.aux) (./the_light_and_the_dark.aux)
(./the_sage.aux) (./the_story_of_lysirius.aux) (./wabbajack.aux)
(./broken_diamonds.aux) (./etiquette_with_rulers.aux)
(./holidays_of_the_iliac_bay.aux) (./legal_basics.aux) (./on_lycanthropy.aux)
(./special_flora_of_tamriel.aux) (./vampires_of_the_iliac_bay.aux)
(./confessions_of_a_thief.aux) (./the_pig_children.aux)
(./the_war_of_betony_daggerfall.aux) (./the_war_of_betony_sentinel.aux)
(./wayrest_jewel_of_the_bay.aux))

LaTeX Font Warning: Some font shapes were not available, defaults substituted.

 ) 
Here is how much of TeX's memory you used:
 26634 strings out of 495716
 531538 string characters out of 3188883
 581471 words of memory out of 3000000
 29137 multiletter control sequences out of 15000+200000
 7579 words of font info for 62 fonts, out of 3000000 for 9000
 14 hyphenation exceptions out of 8191
 72i,12n,67p,1036b,368s stack positions out of 5000i,500n,10000p,200000b,50000s

Output written on daggerfall.pdf (92 pages).
